{"level":"error","message":"Espécie baleia não foi encontrada"}
{"level":"error","message":"Espécie cachorro não foi encontrada"}
{"level":"error","message":"Espécie favicon.ico não foi encontrada"}

{"level":"error","message":"Erro 500 ao deletar uma espécie"}
{"level":"error","message":"Espécie favicon.ico não foi encontrada"}
{"level":"error","message":"Espécie tigre não foi encontrada"}
{"level":"error","message":"Espécie cachorro não foi encontrada"}
{"level":"error","message":"Espécie tigre não foi encontrada"}
{"level":"error","message":"Espécie tigre não foi encontrada"}
{"level":"error","message":"Espécie tigre não foi encontrada"}
{"level":"error","message":"Ocorreu um erro 500 ao deletar espécie"}
{"level":"error","message":"Ocorreu um erro 500 ao deletar espécie"}
{"level":"error","message":"Ocorreu um erro 500 ao deletar espécie"}
{"level":"error","message":"Ocorreu um erro 500 ao deletar espécie"}
{"level":"error","message":"Ocorreu um erro 500 ao deletar espécie"}
{"level":"error","message":"Espécie cachorro não foi encontrada"}
{"level":"error","message":"Espécie cachorro não foi encontrada"}
{"level":"error","message":"Espécie cachorro não foi encontrada"}
{"level":"error","message":"Espécie cachorro não foi encontrada"}
{"level":"error","message":"Espécie cachorro não foi encontrada"}
{"level":"error","message":"Espécie gato não foi encontrada"}
{"level":"error","message":"Espécie gato não foi encontrada"}
{"level":"error","message":"Ocorreu um erro 500 ao deletar espécie"}
{"level":"error","message":"Ocorreu um erro 500 ao deletar espécie"}
