{"level":"info","message":"Arquivo Json Criado/Atualizado com sucesso"}
{"level":"info","message":"Espécie tigre pesquisada com sucesso"}



{"level":"info","message":"Moderador frank@email.com criado com sucesso"}
{"level":"info","message":"Moderador luisa@email.com criado com sucesso"}
{"level":"info","message":"Moderador lilo@email.com criado com sucesso"}
{"level":"info","message":"Moderador lilo@email.com criado com sucesso"}
{"level":"info","message":"Moderador lilo@email.com criado com sucesso"}
{"level":"info","message":"Moderador luisa@email.com criado com sucesso"}
{"level":"info","message":"Moderador stitch@email.com criado com sucesso"}
{"level":"info","message":"Uma espécie foi criada no banco de dados"}
{"level":"info","message":"Moderador lilo@email.com criado com sucesso"}
{"level":"info","message":"Arquivo Json Criado/Atualizado com sucesso"}
{"level":"info","message":"Uma espécie foi criada no banco de dados"}
{"level":"info","message":"Arquivo Json Criado/Atualizado com sucesso"}
{"level":"info","message":"Uma espécie foi criada no banco de dados"}
{"level":"info","message":"Uma espécie foi criada no banco de dados"}
{"level":"info","message":"Uma espécie foi criada no banco de dados"}
{"level":"info","message":"Uma espécie foi criada no banco de dados"}
{"level":"info","message":"Uma espécie foi criada no banco de dados"}
{"level":"info","message":"Uma espécie foi criada no banco de dados"}
{"level":"info","message":"Arquivo Json Criado/Atualizado com sucesso"}
{"level":"info","message":"Arquivo Json Criado/Atualizado com sucesso"}
{"level":"info","message":"Arquivo Json Criado/Atualizado com sucesso"}
{"level":"info","message":"Arquivo Json Criado/Atualizado com sucesso"}
{"level":"info","message":"Arquivo Json Criado/Atualizado com sucesso"}
{"level":"info","message":"Arquivo Json Criado/Atualizado com sucesso"}
{"level":"info","message":"Arquivo Json Criado/Atualizado com sucesso"}
{"level":"info","message":"Arquivo Json Criado/Atualizado com sucesso"}
{"level":"info","message":"Arquivo Json Criado/Atualizado com sucesso"}
{"level":"info","message":"Arquivo Json Criado/Atualizado com sucesso"}
{"level":"info","message":"Arquivo Json Criado/Atualizado com sucesso"}
{"level":"info","message":"Espécie tigre pesquisada com sucesso"}
{"level":"info","message":"Espécie tigre pesquisada com sucesso"}
{"level":"info","message":"Espécie tigre pesquisada com sucesso"}
{"level":"info","message":"Espécie tigre pesquisada com sucesso Mon Oct 24 2022 13:32:35 GMT-0300 (Horário Padrão de Brasília)"}
{"level":"info","message":"Moderador husky@email.com criado com sucesso"}
{"level":"info","message":"Moderador husky@email.com logou às Mon Oct 24 2022 14:31:04 GMT-0300 (Horário Padrão de Brasília)"}
{"level":"info","message":"Moderador larissa@email.com criado com sucesso"}
{"level":"info","message":"Moderador larissa@email.com logou às Mon Oct 24 2022 14:32:37 GMT-0300 (Horário Padrão de Brasília)"}
{"level":"info","message":"Espécie [object Object] deletada com sucesso"}
{"level":"info","message":"Erro ao deletar especie"}
{"level":"info","message":"Arquivo Json criado/atualizado com sucesso às Mon Oct 24 2022 14:36:10 GMT-0300 (Horário Padrão de Brasília)"}
{"level":"info","message":"Erro ao deletar especie"}
{"level":"info","message":"Espécie undefined deletada com sucesso"}
{"level":"info","message":"Arquivo Json criado/atualizado com sucesso às Mon Oct 24 2022 14:37:05 GMT-0300 (Horário Padrão de Brasília)"}
{"level":"info","message":"Espécie undefined deletada com sucesso"}
{"level":"info","message":"Arquivo Json criado/atualizado com sucesso às Mon Oct 24 2022 14:39:47 GMT-0300 (Horário Padrão de Brasília)"}
{"level":"info","message":"Espécie cachorro deletada com sucesso"}
{"level":"info","message":"Arquivo Json criado/atualizado com sucesso às Mon Oct 24 2022 14:41:30 GMT-0300 (Horário Padrão de Brasília)"}
{"level":"info","message":"Espécie cachorro deletada com sucesso"}
{"level":"info","message":"Espécie gato deletada com sucesso"}
{"level":"info","message":"Arquivo Json criado/atualizado com sucesso às Mon Oct 24 2022 14:42:49 GMT-0300 (Horário Padrão de Brasília)"}
{"level":"info","message":"Arquivo Json criado/atualizado com sucesso às Tue Oct 25 2022 10:28:23 GMT-0300 (Horário Padrão de Brasília)"}
{"level":"info","message":"Moderador larissa@email.com logou às Tue Oct 25 2022 10:32:16 GMT-0300 (Horário Padrão de Brasília)"}
{"level":"info","message":"Arquivo Json criado/atualizado com sucesso às Tue Oct 25 2022 10:32:51 GMT-0300 (Horário Padrão de Brasília)"}
{"level":"info","message":"Espécie undefined deletada com sucesso"}
{"level":"info","message":"Arquivo Json criado/atualizado com sucesso às Tue Oct 25 2022 10:33:27 GMT-0300 (Horário Padrão de Brasília)"}
{"level":"info","message":"Arquivo Json criado/atualizado com sucesso às Tue Oct 25 2022 10:33:57 GMT-0300 (Horário Padrão de Brasília)"}
{"level":"info","message":"Espécie undefined deletada com sucesso"}
{"level":"info","message":"Espécie undefined deletada com sucesso"}
{"level":"info","message":"Espécie undefined deletada com sucesso"}
{"level":"info","message":"Arquivo Json criado/atualizado com sucesso às Tue Oct 25 2022 10:34:12 GMT-0300 (Horário Padrão de Brasília)"}
{"level":"error","message":"Erro 500 ao deletar uma espécie"}
{"level":"info","message":"Espécie undefined deletada com sucesso"}
{"level":"info","message":"Arquivo Json criado/atualizado com sucesso às Tue Oct 25 2022 10:35:46 GMT-0300 (Horário Padrão de Brasília)"}
{"level":"info","message":"Espécie lobo deletada com sucesso"}
{"level":"info","message":"Arquivo Json criado/atualizado com sucesso às Tue Oct 25 2022 10:36:27 GMT-0300 (Horário Padrão de Brasília)"}
{"level":"info","message":"Arquivo Json criado/atualizado com sucesso às Tue Oct 25 2022 10:43:54 GMT-0300 (Horário Padrão de Brasília)"}
{"level":"error","message":"Espécie favicon.ico não foi encontrada"}
{"level":"info","message":"{\n  _id: new ObjectId(\"6357eaccd2edf64e72a24c91\"),\n  name: 'tigre',\n  reino: 'animalia',\n  filo: 'chordata',\n  classe: 'mammalia',\n  infraclasse: 'placentalia',\n  ordem: 'tigre',\n  familia: 'felidae',\n  genero: 'tigris',\n  especie: 'f. tigris',\n  __v: 0\n} foi cadastrado com sucesso às Tue Oct 25 2022 10:55:25 GMT-0300 (Horário Padrão de Brasília)"}
{"level":"info","message":"{\n  _id: new ObjectId(\"6357ead0a294e91ebd19ab17\"),\n  name: 'tigre',\n  reino: 'animalia',\n  filo: 'chordata',\n  classe: 'mammalia',\n  infraclasse: 'placentalia',\n  ordem: 'tigre',\n  familia: 'felidae',\n  genero: 'tigris',\n  especie: 'f. tigris',\n  __v: 0\n} foi cadastrado com sucesso às Tue Oct 25 2022 10:55:28 GMT-0300 (Horário Padrão de Brasília)"}
{"level":"info","message":"{\n  _id: new ObjectId(\"6357ead34e6dcff3d8ca10b7\"),\n  name: 'tigre',\n  reino: 'animalia',\n  filo: 'chordata',\n  classe: 'mammalia',\n  infraclasse: 'placentalia',\n  ordem: 'tigre',\n  familia: 'felidae',\n  genero: 'tigris',\n  especie: 'f. tigris',\n  __v: 0\n} foi cadastrado com sucesso às Tue Oct 25 2022 10:55:31 GMT-0300 (Horário Padrão de Brasília)"}
{"level":"info","message":"Arquivo Json criado/atualizado com sucesso às Tue Oct 25 2022 10:55:40 GMT-0300 (Horário Padrão de Brasília)"}
{"level":"info","message":"Espécie undefined deletada com sucesso"}
{"level":"info","message":"Arquivo Json criado/atualizado com sucesso às Tue Oct 25 2022 10:56:06 GMT-0300 (Horário Padrão de Brasília)"}
{"level":"info","message":"Espécie undefined deletada com sucesso"}
{"level":"info","message":"Espécie undefined deletada com sucesso"}
{"level":"info","message":"Espécie cachorro deletada com sucesso"}
{"level":"info","message":"Espécie cachorro deletada com sucesso"}
{"level":"info","message":"Espécie cachorro deletada com sucesso"}
{"level":"error","message":"Espécie tigre não foi encontrada"}
{"level":"error","message":"Espécie cachorro não foi encontrada"}
{"level":"error","message":"Espécie tigre não foi encontrada"}
{"level":"error","message":"Espécie tigre não foi encontrada"}
{"level":"error","message":"Espécie tigre não foi encontrada"}
{"level":"info","message":"Arquivo Json criado/atualizado com sucesso às Tue Oct 25 2022 11:06:53 GMT-0300 (Horário Padrão de Brasília)"}
{"level":"info","message":"{\n  _id: new ObjectId(\"6357ed92ec79b423ebf6ee6f\"),\n  name: 'tigre',\n  reino: 'animalia',\n  filo: 'chordata',\n  classe: 'mammalia',\n  infraclasse: 'placentalia',\n  ordem: 'tigre',\n  familia: 'felidae',\n  genero: 'tigris',\n  especie: 'f. tigris',\n  __v: 0\n} foi cadastrado com sucesso às Tue Oct 25 2022 11:07:14 GMT-0300 (Horário Padrão de Brasília)"}
{"level":"info","message":"{\n  _id: new ObjectId(\"6357ed93779dbef11e067998\"),\n  name: 'tigre',\n  reino: 'animalia',\n  filo: 'chordata',\n  classe: 'mammalia',\n  infraclasse: 'placentalia',\n  ordem: 'tigre',\n  familia: 'felidae',\n  genero: 'tigris',\n  especie: 'f. tigris',\n  __v: 0\n} foi cadastrado com sucesso às Tue Oct 25 2022 11:07:15 GMT-0300 (Horário Padrão de Brasília)"}
{"level":"info","message":"Arquivo Json criado/atualizado com sucesso às Tue Oct 25 2022 11:07:18 GMT-0300 (Horário Padrão de Brasília)"}
{"level":"info","message":"Espécie tigre pesquisada com sucesso"}
{"level":"info","message":"Espécie tigre pesquisada com sucesso"}
{"level":"info","message":"Espécie cachorro deletada com sucesso"}
{"level":"info","message":"Arquivo Json criado/atualizado com sucesso às Tue Oct 25 2022 11:08:18 GMT-0300 (Horário Padrão de Brasília)"}
{"level":"info","message":"Arquivo Json criado/atualizado com sucesso às Tue Oct 25 2022 11:14:07 GMT-0300 (Horário Padrão de Brasília)"}
{"level":"info","message":"Erro ao deletar especie => autorização ou dados"}
{"level":"info","message":"Erro ao deletar especie => autorização ou dados"}
{"level":"info","message":"Erro ao deletar especie => autorização ou dados"}
{"level":"info","message":"Erro ao deletar especie => autorização ou dados"}
{"level":"info","message":"Espécie tigre deletada com sucesso"}
{"level":"info","message":"Arquivo Json criado/atualizado com sucesso às Tue Oct 25 2022 11:14:38 GMT-0300 (Horário Padrão de Brasília)"}
{"level":"info","message":"Arquivo Json criado/atualizado com sucesso às Tue Oct 25 2022 11:14:47 GMT-0300 (Horário Padrão de Brasília)"}
{"level":"info","message":"Espécie tigre deletada com sucesso"}
{"level":"info","message":"Espécie tigre deletada com sucesso"}
{"level":"info","message":"Espécie tigre deletada com sucesso"}
{"level":"info","message":"Espécie tigre deletada com sucesso"}
{"level":"info","message":"Arquivo Json criado/atualizado com sucesso às Tue Oct 25 2022 11:14:57 GMT-0300 (Horário Padrão de Brasília)"}
{"level":"info","message":"Arquivo Json criado/atualizado com sucesso às Tue Oct 25 2022 11:16:06 GMT-0300 (Horário Padrão de Brasília)"}
{"level":"info","message":"Arquivo Json criado/atualizado com sucesso às Tue Oct 25 2022 11:23:22 GMT-0300 (Horário Padrão de Brasília)"}
{"level":"error","message":"Ocorreu um erro 500 ao deletar espécie"}
{"level":"error","message":"Ocorreu um erro 500 ao deletar espécie"}
{"level":"error","message":"Ocorreu um erro 500 ao deletar espécie"}
{"level":"error","message":"Ocorreu um erro 500 ao deletar espécie"}
{"level":"error","message":"Ocorreu um erro 500 ao deletar espécie"}
{"level":"info","message":"Espécie cachorro deletada com sucesso"}
{"level":"info","message":"Espécie cachorro deletada com sucesso"}
{"level":"info","message":"Arquivo Json criado/atualizado com sucesso às Tue Oct 25 2022 11:25:44 GMT-0300 (Horário Padrão de Brasília)"}
{"level":"info","message":"Espécie tigre deletada com sucesso"}
{"level":"info","message":"Arquivo Json criado/atualizado com sucesso às Tue Oct 25 2022 11:26:11 GMT-0300 (Horário Padrão de Brasília)"}
{"level":"info","message":"Espécie tigre pesquisada com sucesso"}
{"level":"error","message":"Espécie cachorro não foi encontrada"}
{"level":"info","message":"Espécie gato deletada com sucesso"}
{"level":"info","message":"Espécie gato deletada com sucesso"}
{"level":"info","message":"Espécie gato deletada com sucesso"}
{"level":"error","message":"Espécie cachorro não foi encontrada"}
{"level":"error","message":"Espécie cachorro não foi encontrada"}
{"level":"error","message":"Espécie cachorro não foi encontrada"}
{"level":"info","message":"Arquivo Json criado/atualizado com sucesso às Tue Oct 25 2022 11:27:41 GMT-0300 (Horário Padrão de Brasília)"}
{"level":"info","message":"Arquivo Json criado/atualizado com sucesso às Tue Oct 25 2022 11:55:39 GMT-0300 (Horário Padrão de Brasília)"}
{"level":"info","message":"Espécie gato deletada com sucesso"}
{"level":"info","message":"Espécie gato deletada com sucesso"}
{"level":"info","message":"Moderador larissa@email.com logou às Tue Oct 25 2022 12:03:37 GMT-0300 (Horário Padrão de Brasília)"}
{"level":"info","message":"Espécie cachorro deletada com sucesso"}
{"level":"info","message":"Arquivo Json criado/atualizado com sucesso às Tue Oct 25 2022 12:04:38 GMT-0300 (Horário Padrão de Brasília)"}
{"level":"info","message":"Espécie cachorro deletada com sucesso"}
{"level":"info","message":"Espécie cachorro deletada com sucesso"}
{"level":"info","message":"Espécie cachorro deletada com sucesso"}
{"level":"info","message":"Espécie cachorro deletada com sucesso"}
{"level":"info","message":"Espécie cachorro deletada com sucesso"}
{"level":"info","message":"Arquivo Json criado/atualizado com sucesso às Tue Oct 25 2022 12:06:55 GMT-0300 (Horário Padrão de Brasília)"}
{"level":"error","message":"Espécie cachorro não foi encontrada"}
{"level":"info","message":"Espécie tigre pesquisada com sucesso"}
{"level":"error","message":"Espécie gato não foi encontrada"}
{"level":"info","message":"Espécie cachorro deletada com sucesso"}
{"level":"info","message":"Espécie cachorro deletada com sucesso"}
{"level":"info","message":"Espécie cachorro deletada com sucesso"}
{"level":"info","message":"Espécie cachorro deletada com sucesso"}
{"level":"info","message":"Espécie cachorro deletada com sucesso"}
{"level":"info","message":"Espécie cachorro deletada com sucesso"}
{"level":"info","message":"Espécie tigre deletada com sucesso"}
{"level":"error","message":"Espécie gato não foi encontrada"}
{"level":"info","message":"Arquivo Json criado/atualizado com sucesso às Tue Oct 25 2022 12:10:13 GMT-0300 (Horário Padrão de Brasília)"}
{"level":"error","message":"Ocorreu um erro 500 ao deletar espécie"}
{"level":"error","message":"Ocorreu um erro 500 ao deletar espécie"}
{"level":"info","message":"Espécie tigre deletada com sucesso"}
{"level":"info","message":"Arquivo Json criado/atualizado com sucesso às Tue Oct 25 2022 12:11:50 GMT-0300 (Horário Padrão de Brasília)"}
{"level":"info","message":"Arquivo Json criado/atualizado com sucesso às Tue Oct 25 2022 12:11:51 GMT-0300 (Horário Padrão de Brasília)"}
{"level":"info","message":"Espécie tigre deletada com sucesso"}
{"level":"info","message":"Espécie tigre deletada com sucesso"}
{"level":"info","message":"Espécie tigre deletada com sucesso"}
{"level":"info","message":"Arquivo Json criado/atualizado com sucesso às Tue Oct 25 2022 12:12:28 GMT-0300 (Horário Padrão de Brasília)"}
{"level":"info","message":"Espécie gato deletada com sucesso"}
{"level":"info","message":"Espécie undefined deletada com sucesso"}
{"level":"info","message":"Espécie undefined deletada com sucesso"}
{"level":"info","message":"Espécie gato deletada com sucesso"}
{"level":"info","message":"Espécie gato deletada com sucesso"}
{"level":"info","message":"Espécie gato deletada com sucesso"}
{"level":"info","message":"Espécie gato deletada com sucesso"}
{"level":"info","message":"Arquivo Json criado/atualizado com sucesso às Tue Oct 25 2022 12:31:55 GMT-0300 (Horário Padrão de Brasília)"}
{"level":"info","message":"Arquivo Json criado/atualizado com sucesso às Tue Oct 25 2022 12:31:56 GMT-0300 (Horário Padrão de Brasília)"}
{"level":"info","message":"Espécie gato deletada com sucesso"}
{"level":"info","message":"Espécie gato deletada com sucesso"}
{"level":"info","message":"Espécie gato deletada com sucesso"}
{"level":"info","message":"{\n  _id: new ObjectId(\"635801e95910058d856f2458\"),\n  name: 'tigre',\n  reino: 'animalia',\n  filo: 'chordata',\n  classe: 'mammalia',\n  infraclasse: 'placentalia',\n  ordem: 'tigre',\n  familia: 'felidae',\n  genero: 'tigris',\n  especie: 'f. tigris',\n  __v: 0\n} foi cadastrado com sucesso às Tue Oct 25 2022 12:34:01 GMT-0300 (Horário Padrão de Brasília)"}
{"level":"info","message":"{\n  _id: new ObjectId(\"635801f4645d0346a81f1cc1\"),\n  name: 'gato',\n  reino: 'animalia',\n  filo: 'chordata',\n  classe: 'mammalia',\n  infraclasse: 'placentalia',\n  ordem: 'tigre',\n  familia: 'felidae',\n  genero: 'tigris',\n  especie: 'f. tigris',\n  __v: 0\n} foi cadastrado com sucesso às Tue Oct 25 2022 12:34:12 GMT-0300 (Horário Padrão de Brasília)"}
{"level":"info","message":"Arquivo Json criado/atualizado com sucesso às Tue Oct 25 2022 12:34:16 GMT-0300 (Horário Padrão de Brasília)"}
{"level":"info","message":"Espécie gato deletada com sucesso"}
{"level":"info","message":"Arquivo Json criado/atualizado com sucesso às Tue Oct 25 2022 12:38:23 GMT-0300 (Horário Padrão de Brasília)"}
